<?xml version="1.0" encoding="UTF-8"?>
<testsuite name="BookTest" tests="1" skipped="0" failures="0" errors="0" timestamp="2019-12-06T13:29:00" hostname="LAPTOP-RJRRA9SA" time="0.002">
  <properties/>
  <testcase name="chapterNameIsUnique" classname="BookTest" time="0.002"/>
  <system-out><![CDATA[]]></system-out>
  <system-err><![CDATA[]]></system-err>
</testsuite>
